POST /api/user/login 200 [13/Sep/2020:13:48:14 +0000] (REQ: 67) (RES: 32)
POST /api/user/login 200 [13/Sep/2020:14:33:10 +0000] (REQ: 67) (RES: 32)
OPTIONS /api/user/login 200 [13/Sep/2020:14:36:52 +0000] (REQ: -) (RES: 20)
POST /api/user/login 200 [13/Sep/2020:14:36:52 +0000] (REQ: 54) (RES: 32)
OPTIONS /api/user/login 200 [13/Sep/2020:14:37:34 +0000] (REQ: -) (RES: 20)
POST /api/user/login 200 [13/Sep/2020:14:37:34 +0000] (REQ: 54) (RES: 32)
OPTIONS /api/user/login 200 [13/Sep/2020:14:42:07 +0000] (REQ: -) (RES: 20)
POST /api/user/login 401 [13/Sep/2020:14:42:07 +0000] (REQ: 52) (RES: 35)
OPTIONS /api/user/login 200 [13/Sep/2020:14:42:42 +0000] (REQ: -) (RES: 20)
POST /api/user/login 422 [13/Sep/2020:14:42:42 +0000] (REQ: 48) (RES: 42)
OPTIONS /api/user/login 200 [13/Sep/2020:14:42:58 +0000] (REQ: -) (RES: 20)
POST /api/user/login 401 [13/Sep/2020:14:42:59 +0000] (REQ: 56) (RES: 35)
OPTIONS /api/user/login 200 [13/Sep/2020:14:43:52 +0000] (REQ: -) (RES: 20)
POST /api/user/login 401 [13/Sep/2020:14:43:52 +0000] (REQ: 55) (RES: 35)
OPTIONS /api/user/login 200 [13/Sep/2020:14:43:58 +0000] (REQ: -) (RES: 20)
POST /api/user/login 200 [13/Sep/2020:14:43:58 +0000] (REQ: 54) (RES: 32)
POST /api/user/login 200 [13/Sep/2020:15:02:26 +0000] (REQ: 67) (RES: 132)
OPTIONS /api/user/login 200 [13/Sep/2020:15:06:07 +0000] (REQ: -) (RES: 20)
POST /api/user/login 422 [13/Sep/2020:15:06:07 +0000] (REQ: 46) (RES: 42)
OPTIONS /api/user/login 200 [13/Sep/2020:15:06:14 +0000] (REQ: -) (RES: 20)
POST /api/user/login 200 [13/Sep/2020:15:06:14 +0000] (REQ: 54) (RES: 132)
OPTIONS /api/user/login 200 [13/Sep/2020:15:14:44 +0000] (REQ: -) (RES: 20)
POST /api/user/login 200 [13/Sep/2020:15:14:44 +0000] (REQ: 54) (RES: 132)
OPTIONS /api/user/login 200 [13/Sep/2020:15:17:37 +0000] (REQ: -) (RES: 20)
POST /api/user/login 200 [13/Sep/2020:15:17:37 +0000] (REQ: 54) (RES: 132)
OPTIONS /api/user/login 200 [13/Sep/2020:15:26:03 +0000] (REQ: -) (RES: 20)
POST /api/user/login 200 [13/Sep/2020:15:26:03 +0000] (REQ: 54) (RES: 132)
OPTIONS /api/user/login 200 [13/Sep/2020:15:28:23 +0000] (REQ: -) (RES: 20)
POST /api/user/login 200 [13/Sep/2020:15:28:23 +0000] (REQ: 54) (RES: 132)
OPTIONS /api/user/login 200 [13/Sep/2020:16:47:02 +0000] (REQ: -) (RES: 20)
POST /api/user/login 200 [13/Sep/2020:16:47:02 +0000] (REQ: 59) (RES: 142)
GET /images/Maude_Zarella_1599567652113.jpg 200 [13/Sep/2020:16:47:02 +0000] (REQ: -) (RES: 156783)
OPTIONS /api/user/login 200 [13/Sep/2020:16:47:25 +0000] (REQ: -) (RES: 20)
POST /api/user/login 200 [13/Sep/2020:16:47:25 +0000] (REQ: 54) (RES: 132)
GET /images/Jean_bon_1599567566506.jpg 200 [13/Sep/2020:16:47:25 +0000] (REQ: -) (RES: 130665)
OPTIONS /api/user/login 200 [13/Sep/2020:16:47:37 +0000] (REQ: -) (RES: 20)
POST /api/user/login 200 [13/Sep/2020:16:47:38 +0000] (REQ: 55) (RES: 134)
GET /images/John_Deuf_1599567925404.jpg 200 [13/Sep/2020:16:47:38 +0000] (REQ: -) (RES: 149058)
OPTIONS /api/user/login 200 [13/Sep/2020:18:19:23 +0000] (REQ: -) (RES: 20)
POST /api/user/login 200 [13/Sep/2020:18:19:23 +0000] (REQ: 55) (RES: 134)
GET /images/John_Deuf_1599567925404.jpg 304 [13/Sep/2020:18:19:23 +0000] (REQ: -) (RES: -)
OPTIONS /api/user/login 200 [13/Sep/2020:18:45:27 +0000] (REQ: -) (RES: 20)
POST /api/user/login 200 [13/Sep/2020:18:45:27 +0000] (REQ: 54) (RES: 132)
GET /images/Jean_bon_1599567566506.jpg 304 [13/Sep/2020:18:45:27 +0000] (REQ: -) (RES: -)
OPTIONS /api/user/login 200 [13/Sep/2020:19:02:34 +0000] (REQ: -) (RES: 20)
POST /api/user/login 200 [13/Sep/2020:19:02:34 +0000] (REQ: 54) (RES: 132)
GET /images/Jean_bon_1599567566506.jpg 304 [13/Sep/2020:19:02:34 +0000] (REQ: -) (RES: -)
